<?xml version="1.0" encoding="UTF-8"?>
<testng-results skipped="0" failed="0" ignored="0" total="1" passed="1">
  <reporter-output>
  </reporter-output>
  <suite name="Default suite" duration-ms="24907" started-at="2019-04-17T14:25:05Z" finished-at="2019-04-17T14:25:30Z">
    <groups>
    </groups>
    <test name="Default test" duration-ms="24907" started-at="2019-04-17T14:25:05Z" finished-at="2019-04-17T14:25:30Z">
      <class name="com.scripit.LogoutTest">
        <test-method status="PASS" signature="beforeSuite()[pri:0, instance:com.scripit.LogoutTest@1bce4f0a]" name="beforeSuite" is-config="true" duration-ms="288" started-at="2019-04-17T14:25:05Z" finished-at="2019-04-17T14:25:05Z">
          <reporter-output>
          </reporter-output>
        </test-method> <!-- beforeSuite -->
        <test-method status="PASS" signature="preCondition()[pri:0, instance:com.scripit.LogoutTest@1bce4f0a]" name="preCondition" is-config="true" duration-ms="6839" started-at="2019-04-17T14:25:05Z" finished-at="2019-04-17T14:25:12Z">
          <reporter-output>
          </reporter-output>
        </test-method> <!-- preCondition -->
        <test-method status="PASS" signature="testLogout()[pri:0, instance:com.scripit.LogoutTest@1bce4f0a]" name="testLogout" duration-ms="18032" started-at="2019-04-17T14:25:12Z" finished-at="2019-04-17T14:25:30Z">
          <reporter-output>
          </reporter-output>
        </test-method> <!-- testLogout -->
        <test-method status="PASS" signature="afterSuite()[pri:0, instance:com.scripit.LogoutTest@1bce4f0a]" name="afterSuite" is-config="true" duration-ms="3" started-at="2019-04-17T14:25:30Z" finished-at="2019-04-17T14:25:30Z">
          <reporter-output>
          </reporter-output>
        </test-method> <!-- afterSuite -->
        <test-method status="PASS" signature="postCondition(org.testng.ITestResult)[pri:0, instance:com.scripit.LogoutTest@1bce4f0a]" name="postCondition" is-config="true" duration-ms="4" started-at="2019-04-17T14:25:30Z" finished-at="2019-04-17T14:25:30Z">
          <params>
            <param index="0">
              <value>
                <![CDATA[[TestResult name=testLogout status=SUCCESS method=LogoutTest.testLogout()[pri:0, instance:com.scripit.LogoutTest@1bce4f0a] output={null}]]]>
              </value>
            </param>
          </params>
          <reporter-output>
          </reporter-output>
        </test-method> <!-- postCondition -->
      </class> <!-- com.scripit.LogoutTest -->
    </test> <!-- Default test -->
  </suite> <!-- Default suite -->
</testng-results>
